{"C:\\Users\\ASUS\\Desktop\\docker-microservices\\api\\app.js": {"path":"C:\\Users\\ASUS\\Desktop\\docker-microservices\\api\\app.js","statementMap":{"0":{"start":{"line":10,"column":12},"end":{"line":10,"column":21}},"1":{"start":{"line":12,"column":0},"end":{"line":12,"column":24}},"2":{"start":{"line":19,"column":0},"end":{"line":21,"column":3}},"3":{"start":{"line":20,"column":2},"end":{"line":20,"column":19}},"4":{"start":{"line":28,"column":0},"end":{"line":36,"column":3}},"5":{"start":{"line":29,"column":2},"end":{"line":35,"column":3}},"6":{"start":{"line":30,"column":19},"end":{"line":30,"column":53}},"7":{"start":{"line":31,"column":4},"end":{"line":31,"column":26}},"8":{"start":{"line":33,"column":4},"end":{"line":33,"column":50}},"9":{"start":{"line":34,"column":4},"end":{"line":34,"column":61}},"10":{"start":{"line":44,"column":0},"end":{"line":55,"column":3}},"11":{"start":{"line":45,"column":2},"end":{"line":54,"column":3}},"12":{"start":{"line":46,"column":19},"end":{"line":46,"column":84}},"13":{"start":{"line":47,"column":4},"end":{"line":49,"column":5}},"14":{"start":{"line":48,"column":6},"end":{"line":48,"column":63}},"15":{"start":{"line":50,"column":4},"end":{"line":50,"column":29}},"16":{"start":{"line":52,"column":4},"end":{"line":52,"column":49}},"17":{"start":{"line":53,"column":4},"end":{"line":53,"column":61}},"18":{"start":{"line":65,"column":0},"end":{"line":82,"column":3}},"19":{"start":{"line":66,"column":26},"end":{"line":66,"column":34}},"20":{"start":{"line":68,"column":2},"end":{"line":70,"column":3}},"21":{"start":{"line":69,"column":4},"end":{"line":69,"column":74}},"22":{"start":{"line":72,"column":2},"end":{"line":81,"column":3}},"23":{"start":{"line":73,"column":19},"end":{"line":76,"column":5}},"24":{"start":{"line":77,"column":4},"end":{"line":77,"column":41}},"25":{"start":{"line":79,"column":4},"end":{"line":79,"column":49}},"26":{"start":{"line":80,"column":4},"end":{"line":80,"column":61}},"27":{"start":{"line":93,"column":0},"end":{"line":115,"column":3}},"28":{"start":{"line":94,"column":26},"end":{"line":94,"column":34}},"29":{"start":{"line":96,"column":2},"end":{"line":98,"column":3}},"30":{"start":{"line":97,"column":4},"end":{"line":97,"column":74}},"31":{"start":{"line":100,"column":2},"end":{"line":114,"column":3}},"32":{"start":{"line":101,"column":19},"end":{"line":104,"column":5}},"33":{"start":{"line":106,"column":4},"end":{"line":108,"column":5}},"34":{"start":{"line":107,"column":6},"end":{"line":107,"column":63}},"35":{"start":{"line":110,"column":4},"end":{"line":110,"column":29}},"36":{"start":{"line":112,"column":4},"end":{"line":112,"column":49}},"37":{"start":{"line":113,"column":4},"end":{"line":113,"column":61}},"38":{"start":{"line":123,"column":0},"end":{"line":136,"column":3}},"39":{"start":{"line":124,"column":2},"end":{"line":135,"column":3}},"40":{"start":{"line":125,"column":19},"end":{"line":125,"column":94}},"41":{"start":{"line":127,"column":4},"end":{"line":129,"column":5}},"42":{"start":{"line":128,"column":6},"end":{"line":128,"column":63}},"43":{"start":{"line":131,"column":4},"end":{"line":131,"column":27}},"44":{"start":{"line":133,"column":4},"end":{"line":133,"column":49}},"45":{"start":{"line":134,"column":4},"end":{"line":134,"column":61}},"46":{"start":{"line":139,"column":0},"end":{"line":143,"column":1}},"47":{"start":{"line":140,"column":2},"end":{"line":142,"column":5}},"48":{"start":{"line":141,"column":4},"end":{"line":141,"column":36}},"49":{"start":{"line":146,"column":2},"end":{"line":146,"column":13}}},"fnMap":{"0":{"name":"(anonymous_0)","decl":{"start":{"line":19,"column":17},"end":{"line":19,"column":18}},"loc":{"start":{"line":19,"column":31},"end":{"line":21,"column":1}},"line":19},"1":{"name":"(anonymous_1)","decl":{"start":{"line":28,"column":22},"end":{"line":28,"column":23}},"loc":{"start":{"line":28,"column":42},"end":{"line":36,"column":1}},"line":28},"2":{"name":"(anonymous_2)","decl":{"start":{"line":44,"column":26},"end":{"line":44,"column":27}},"loc":{"start":{"line":44,"column":46},"end":{"line":55,"column":1}},"line":44},"3":{"name":"(anonymous_3)","decl":{"start":{"line":65,"column":23},"end":{"line":65,"column":24}},"loc":{"start":{"line":65,"column":43},"end":{"line":82,"column":1}},"line":65},"4":{"name":"(anonymous_4)","decl":{"start":{"line":93,"column":26},"end":{"line":93,"column":27}},"loc":{"start":{"line":93,"column":46},"end":{"line":115,"column":1}},"line":93},"5":{"name":"(anonymous_5)","decl":{"start":{"line":123,"column":29},"end":{"line":123,"column":30}},"loc":{"start":{"line":123,"column":49},"end":{"line":136,"column":1}},"line":123},"6":{"name":"(anonymous_6)","decl":{"start":{"line":140,"column":23},"end":{"line":140,"column":24}},"loc":{"start":{"line":140,"column":37},"end":{"line":142,"column":3}},"line":140},"7":{"name":"createApp","decl":{"start":{"line":145,"column":16},"end":{"line":145,"column":25}},"loc":{"start":{"line":145,"column":28},"end":{"line":147,"column":1}},"line":145}},"branchMap":{"0":{"loc":{"start":{"line":47,"column":4},"end":{"line":49,"column":5}},"type":"if","locations":[{"start":{"line":47,"column":4},"end":{"line":49,"column":5}},{"start":{},"end":{}}],"line":47},"1":{"loc":{"start":{"line":68,"column":2},"end":{"line":70,"column":3}},"type":"if","locations":[{"start":{"line":68,"column":2},"end":{"line":70,"column":3}},{"start":{},"end":{}}],"line":68},"2":{"loc":{"start":{"line":68,"column":6},"end":{"line":68,"column":21}},"type":"binary-expr","locations":[{"start":{"line":68,"column":6},"end":{"line":68,"column":11}},{"start":{"line":68,"column":15},"end":{"line":68,"column":21}}],"line":68},"3":{"loc":{"start":{"line":96,"column":2},"end":{"line":98,"column":3}},"type":"if","locations":[{"start":{"line":96,"column":2},"end":{"line":98,"column":3}},{"start":{},"end":{}}],"line":96},"4":{"loc":{"start":{"line":96,"column":6},"end":{"line":96,"column":21}},"type":"binary-expr","locations":[{"start":{"line":96,"column":6},"end":{"line":96,"column":11}},{"start":{"line":96,"column":15},"end":{"line":96,"column":21}}],"line":96},"5":{"loc":{"start":{"line":106,"column":4},"end":{"line":108,"column":5}},"type":"if","locations":[{"start":{"line":106,"column":4},"end":{"line":108,"column":5}},{"start":{},"end":{}}],"line":106},"6":{"loc":{"start":{"line":127,"column":4},"end":{"line":129,"column":5}},"type":"if","locations":[{"start":{"line":127,"column":4},"end":{"line":129,"column":5}},{"start":{},"end":{}}],"line":127},"7":{"loc":{"start":{"line":139,"column":0},"end":{"line":143,"column":1}},"type":"if","locations":[{"start":{"line":139,"column":0},"end":{"line":143,"column":1}},{"start":{},"end":{}}],"line":139}},"s":{"0":1,"1":1,"2":1,"3":1,"4":1,"5":2,"6":2,"7":1,"8":1,"9":1,"10":1,"11":3,"12":3,"13":2,"14":1,"15":1,"16":1,"17":1,"18":1,"19":3,"20":3,"21":1,"22":2,"23":2,"24":1,"25":1,"26":1,"27":1,"28":4,"29":4,"30":1,"31":3,"32":3,"33":2,"34":1,"35":1,"36":1,"37":1,"38":1,"39":3,"40":3,"41":2,"42":1,"43":1,"44":1,"45":1,"46":1,"47":0,"48":0,"49":0},"f":{"0":1,"1":2,"2":3,"3":3,"4":4,"5":3,"6":0,"7":0},"b":{"0":[1,1],"1":[1,2],"2":[3,3],"3":[1,3],"4":[4,4],"5":[1,1],"6":[1,1],"7":[0,1]},"inputSourceMap":null,"_coverageSchema":"1a1c01bbd47fc00a2c39e90264f33305004495a9","hash":"3bff4d1b52fa8b4c9a210ce04d5203caa9c7ea58"}
,"C:\\Users\\ASUS\\Desktop\\docker-microservices\\api\\db.js": {"path":"C:\\Users\\ASUS\\Desktop\\docker-microservices\\api\\db.js","statementMap":{"0":{"start":{"line":8,"column":17},"end":{"line":8,"column":19}},"1":{"start":{"line":10,"column":13},"end":{"line":16,"column":2}},"2":{"start":{"line":25,"column":2},"end":{"line":25,"column":34}}},"fnMap":{"0":{"name":"query","decl":{"start":{"line":24,"column":22},"end":{"line":24,"column":27}},"loc":{"start":{"line":24,"column":42},"end":{"line":26,"column":1}},"line":24}},"branchMap":{},"s":{"0":0,"1":0,"2":0},"f":{"0":0},"b":{},"inputSourceMap":null}
,"C:\\Users\\ASUS\\Desktop\\docker-microservices\\api\\index.js": {"path":"C:\\Users\\ASUS\\Desktop\\docker-microservices\\api\\index.js","statementMap":{"0":{"start":{"line":8,"column":13},"end":{"line":8,"column":37}},"1":{"start":{"line":10,"column":0},"end":{"line":12,"column":3}},"2":{"start":{"line":11,"column":2},"end":{"line":11,"column":48}}},"fnMap":{"0":{"name":"(anonymous_0)","decl":{"start":{"line":10,"column":17},"end":{"line":10,"column":18}},"loc":{"start":{"line":10,"column":23},"end":{"line":12,"column":1}},"line":10}},"branchMap":{"0":{"loc":{"start":{"line":8,"column":13},"end":{"line":8,"column":37}},"type":"binary-expr","locations":[{"start":{"line":8,"column":13},"end":{"line":8,"column":29}},{"start":{"line":8,"column":33},"end":{"line":8,"column":37}}],"line":8}},"s":{"0":0,"1":0,"2":0},"f":{"0":0},"b":{"0":[0,0]},"inputSourceMap":null}
}
