TN:
SF:app.js
FN:19,(anonymous_0)
FN:28,(anonymous_1)
FN:44,(anonymous_2)
FN:65,(anonymous_3)
FN:93,(anonymous_4)
FN:123,(anonymous_5)
FN:140,(anonymous_6)
FN:145,createApp
FNF:8
FNH:6
FNDA:1,(anonymous_0)
FNDA:2,(anonymous_1)
FNDA:3,(anonymous_2)
FNDA:3,(anonymous_3)
FNDA:4,(anonymous_4)
FNDA:3,(anonymous_5)
FNDA:0,(anonymous_6)
FNDA:0,createApp
DA:10,1
DA:12,1
DA:19,1
DA:20,1
DA:28,1
DA:29,2
DA:30,2
DA:31,1
DA:33,1
DA:34,1
DA:44,1
DA:45,3
DA:46,3
DA:47,2
DA:48,1
DA:50,1
DA:52,1
DA:53,1
DA:65,1
DA:66,3
DA:68,3
DA:69,1
DA:72,2
DA:73,2
DA:77,1
DA:79,1
DA:80,1
DA:93,1
DA:94,4
DA:96,4
DA:97,1
DA:100,3
DA:101,3
DA:106,2
DA:107,1
DA:110,1
DA:112,1
DA:113,1
DA:123,1
DA:124,3
DA:125,3
DA:127,2
DA:128,1
DA:131,1
DA:133,1
DA:134,1
DA:139,1
DA:140,0
DA:141,0
DA:146,0
LF:50
LH:47
BRDA:47,0,0,1
BRDA:47,0,1,1
BRDA:68,1,0,1
BRDA:68,1,1,2
BRDA:68,2,0,3
BRDA:68,2,1,3
BRDA:96,3,0,1
BRDA:96,3,1,3
BRDA:96,4,0,4
BRDA:96,4,1,4
BRDA:106,5,0,1
BRDA:106,5,1,1
BRDA:127,6,0,1
BRDA:127,6,1,1
BRDA:139,7,0,0
BRDA:139,7,1,1
BRF:16
BRH:15
end_of_record
TN:
SF:db.js
FN:24,query
FNF:1
FNH:0
FNDA:0,query
DA:8,0
DA:10,0
DA:25,0
LF:3
LH:0
BRF:0
BRH:0
end_of_record
TN:
SF:index.js
FN:10,(anonymous_0)
FNF:1
FNH:0
FNDA:0,(anonymous_0)
DA:8,0
DA:10,0
DA:11,0
LF:3
LH:0
BRDA:8,0,0,0
BRDA:8,0,1,0
BRF:2
BRH:0
end_of_record
